The system is: Linux - 4.11.3-1-ARCH - x86_64
Compiling the C compiler identification source file "CMakeCCompilerId.c" succeeded.
Compiler: /usr/bin/cc 
Build flags: 
Id flags:  

The output was:
0


Compilation of the C compiler identification source "CMakeCCompilerId.c" produced "a.out"

The C compiler identification is GNU, found in "/home/edoardo/Progetti/vanin/CMakeFiles/3.8.2/CompilerIdC/a.out"

Determining if the C compiler works passed with the following output:
Change Dir: /home/edoardo/Progetti/vanin/CMakeFiles/CMakeTmp

Run Build Command:"/usr/bin/make" "cmTC_18edf/fast"
/usr/bin/make -f CMakeFiles/cmTC_18edf.dir/build.make CMakeFiles/cmTC_18edf.dir/build
make[1]: ingresso nella directory "/home/edoardo/Progetti/vanin/CMakeFiles/CMakeTmp"
Building C object CMakeFiles/cmTC_18edf.dir/testCCompiler.c.o
/usr/bin/cc    -o CMakeFiles/cmTC_18edf.dir/testCCompiler.c.o   -c /home/edoardo/Progetti/vanin/CMakeFiles/CMakeTmp/testCCompiler.c
Linking C executable cmTC_18edf
/usr/bin/cmake -E cmake_link_script CMakeFiles/cmTC_18edf.dir/link.txt --verbose=1
/usr/bin/cc      CMakeFiles/cmTC_18edf.dir/testCCompiler.c.o  -o cmTC_18edf 
make[1]: uscita dalla directory "/home/edoardo/Progetti/vanin/CMakeFiles/CMakeTmp"


Detecting C compiler ABI info compiled with the following output:
Change Dir: /home/edoardo/Progetti/vanin/CMakeFiles/CMakeTmp

Run Build Command:"/usr/bin/make" "cmTC_cc579/fast"
/usr/bin/make -f CMakeFiles/cmTC_cc579.dir/build.make CMakeFiles/cmTC_cc579.dir/build
make[1]: ingresso nella directory "/home/edoardo/Progetti/vanin/CMakeFiles/CMakeTmp"
Building C object CMakeFiles/cmTC_cc579.dir/CMakeCCompilerABI.c.o
/usr/bin/cc    -o CMakeFiles/cmTC_cc579.dir/CMakeCCompilerABI.c.o   -c /usr/share/cmake-3.8/Modules/CMakeCCompilerABI.c
Linking C executable cmTC_cc579
/usr/bin/cmake -E cmake_link_script CMakeFiles/cmTC_cc579.dir/link.txt --verbose=1
/usr/bin/cc     -v CMakeFiles/cmTC_cc579.dir/CMakeCCompilerABI.c.o  -o cmTC_cc579 
Using built-in specs.
COLLECT_GCC=/usr/bin/cc
COLLECT_LTO_WRAPPER=/usr/lib/gcc/x86_64-pc-linux-gnu/7.1.1/lto-wrapper
Target: x86_64-pc-linux-gnu
Configured with: /build/gcc/src/gcc/configure --prefix=/usr --libdir=/usr/lib --libexecdir=/usr/lib --mandir=/usr/share/man --infodir=/usr/share/info --with-bugurl=https://bugs.archlinux.org/ --enable-languages=c,c++,ada,fortran,go,lto,objc,obj-c++ --enable-shared --enable-threads=posix --enable-libmpx --with-system-zlib --with-isl --enable-__cxa_atexit --disable-libunwind-exceptions --enable-clocale=gnu --disable-libstdcxx-pch --disable-libssp --enable-gnu-unique-object --enable-linker-build-id --enable-lto --enable-plugin --enable-install-libiberty --with-linker-hash-style=gnu --enable-gnu-indirect-function --disable-multilib --disable-werror --enable-checking=release
Thread model: posix
gcc version 7.1.1 20170516 (GCC) 
COMPILER_PATH=/usr/lib/gcc/x86_64-pc-linux-gnu/7.1.1/:/usr/lib/gcc/x86_64-pc-linux-gnu/7.1.1/:/usr/lib/gcc/x86_64-pc-linux-gnu/:/usr/lib/gcc/x86_64-pc-linux-gnu/7.1.1/:/usr/lib/gcc/x86_64-pc-linux-gnu/
LIBRARY_PATH=/usr/lib/gcc/x86_64-pc-linux-gnu/7.1.1/:/usr/lib/gcc/x86_64-pc-linux-gnu/7.1.1/../../../../lib/:/lib/../lib/:/usr/lib/../lib/:/usr/lib/gcc/x86_64-pc-linux-gnu/7.1.1/../../../:/lib/:/usr/lib/
COLLECT_GCC_OPTIONS='-v' '-o' 'cmTC_cc579' '-mtune=generic' '-march=x86-64'
 /usr/lib/gcc/x86_64-pc-linux-gnu/7.1.1/collect2 -plugin /usr/lib/gcc/x86_64-pc-linux-gnu/7.1.1/liblto_plugin.so -plugin-opt=/usr/lib/gcc/x86_64-pc-linux-gnu/7.1.1/lto-wrapper -plugin-opt=-fresolution=/tmp/ccORpkYH.res -plugin-opt=-pass-through=-lgcc -plugin-opt=-pass-through=-lgcc_s -plugin-opt=-pass-through=-lc -plugin-opt=-pass-through=-lgcc -plugin-opt=-pass-through=-lgcc_s --build-id --eh-frame-hdr --hash-style=gnu -m elf_x86_64 -dynamic-linker /lib64/ld-linux-x86-64.so.2 -o cmTC_cc579 /usr/lib/gcc/x86_64-pc-linux-gnu/7.1.1/../../../../lib/crt1.o /usr/lib/gcc/x86_64-pc-linux-gnu/7.1.1/../../../../lib/crti.o /usr/lib/gcc/x86_64-pc-linux-gnu/7.1.1/crtbegin.o -L/usr/lib/gcc/x86_64-pc-linux-gnu/7.1.1 -L/usr/lib/gcc/x86_64-pc-linux-gnu/7.1.1/../../../../lib -L/lib/../lib -L/usr/lib/../lib -L/usr/lib/gcc/x86_64-pc-linux-gnu/7.1.1/../../.. CMakeFiles/cmTC_cc579.dir/CMakeCCompilerABI.c.o -lgcc --as-needed -lgcc_s --no-as-needed -lc -lgcc --as-needed -lgcc_s --no-as-needed /usr/lib/gcc/x86_64-pc-linux-gnu/7.1.1/crtend.o /usr/lib/gcc/x86_64-pc-linux-gnu/7.1.1/../../../../lib/crtn.o
COLLECT_GCC_OPTIONS='-v' '-o' 'cmTC_cc579' '-mtune=generic' '-march=x86-64'
make[1]: uscita dalla directory "/home/edoardo/Progetti/vanin/CMakeFiles/CMakeTmp"


Parsed C implicit link information from above output:
  link line regex: [^( *|.*[/\])(ld|([^/\]+-)?ld|collect2)[^/\]*( |$)]
  ignore line: [Change Dir: /home/edoardo/Progetti/vanin/CMakeFiles/CMakeTmp]
  ignore line: []
  ignore line: [Run Build Command:"/usr/bin/make" "cmTC_cc579/fast"]
  ignore line: [/usr/bin/make -f CMakeFiles/cmTC_cc579.dir/build.make CMakeFiles/cmTC_cc579.dir/build]
  ignore line: [make[1]: ingresso nella directory "/home/edoardo/Progetti/vanin/CMakeFiles/CMakeTmp"]
  ignore line: [Building C object CMakeFiles/cmTC_cc579.dir/CMakeCCompilerABI.c.o]
  ignore line: [/usr/bin/cc    -o CMakeFiles/cmTC_cc579.dir/CMakeCCompilerABI.c.o   -c /usr/share/cmake-3.8/Modules/CMakeCCompilerABI.c]
  ignore line: [Linking C executable cmTC_cc579]
  ignore line: [/usr/bin/cmake -E cmake_link_script CMakeFiles/cmTC_cc579.dir/link.txt --verbose=1]
  ignore line: [/usr/bin/cc     -v CMakeFiles/cmTC_cc579.dir/CMakeCCompilerABI.c.o  -o cmTC_cc579 ]
  ignore line: [Using built-in specs.]
  ignore line: [COLLECT_GCC=/usr/bin/cc]
  ignore line: [COLLECT_LTO_WRAPPER=/usr/lib/gcc/x86_64-pc-linux-gnu/7.1.1/lto-wrapper]
  ignore line: [Target: x86_64-pc-linux-gnu]
  ignore line: [Configured with: /build/gcc/src/gcc/configure --prefix=/usr --libdir=/usr/lib --libexecdir=/usr/lib --mandir=/usr/share/man --infodir=/usr/share/info --with-bugurl=https://bugs.archlinux.org/ --enable-languages=c,c++,ada,fortran,go,lto,objc,obj-c++ --enable-shared --enable-threads=posix --enable-libmpx --with-system-zlib --with-isl --enable-__cxa_atexit --disable-libunwind-exceptions --enable-clocale=gnu --disable-libstdcxx-pch --disable-libssp --enable-gnu-unique-object --enable-linker-build-id --enable-lto --enable-plugin --enable-install-libiberty --with-linker-hash-style=gnu --enable-gnu-indirect-function --disable-multilib --disable-werror --enable-checking=release]
  ignore line: [Thread model: posix]
  ignore line: [gcc version 7.1.1 20170516 (GCC) ]
  ignore line: [COMPILER_PATH=/usr/lib/gcc/x86_64-pc-linux-gnu/7.1.1/:/usr/lib/gcc/x86_64-pc-linux-gnu/7.1.1/:/usr/lib/gcc/x86_64-pc-linux-gnu/:/usr/lib/gcc/x86_64-pc-linux-gnu/7.1.1/:/usr/lib/gcc/x86_64-pc-linux-gnu/]
  ignore line: [LIBRARY_PATH=/usr/lib/gcc/x86_64-pc-linux-gnu/7.1.1/:/usr/lib/gcc/x86_64-pc-linux-gnu/7.1.1/../../../../lib/:/lib/../lib/:/usr/lib/../lib/:/usr/lib/gcc/x86_64-pc-linux-gnu/7.1.1/../../../:/lib/:/usr/lib/]
  ignore line: [COLLECT_GCC_OPTIONS='-v' '-o' 'cmTC_cc579' '-mtune=generic' '-march=x86-64']
  link line: [ /usr/lib/gcc/x86_64-pc-linux-gnu/7.1.1/collect2 -plugin /usr/lib/gcc/x86_64-pc-linux-gnu/7.1.1/liblto_plugin.so -plugin-opt=/usr/lib/gcc/x86_64-pc-linux-gnu/7.1.1/lto-wrapper -plugin-opt=-fresolution=/tmp/ccORpkYH.res -plugin-opt=-pass-through=-lgcc -plugin-opt=-pass-through=-lgcc_s -plugin-opt=-pass-through=-lc -plugin-opt=-pass-through=-lgcc -plugin-opt=-pass-through=-lgcc_s --build-id --eh-frame-hdr --hash-style=gnu -m elf_x86_64 -dynamic-linker /lib64/ld-linux-x86-64.so.2 -o cmTC_cc579 /usr/lib/gcc/x86_64-pc-linux-gnu/7.1.1/../../../../lib/crt1.o /usr/lib/gcc/x86_64-pc-linux-gnu/7.1.1/../../../../lib/crti.o /usr/lib/gcc/x86_64-pc-linux-gnu/7.1.1/crtbegin.o -L/usr/lib/gcc/x86_64-pc-linux-gnu/7.1.1 -L/usr/lib/gcc/x86_64-pc-linux-gnu/7.1.1/../../../../lib -L/lib/../lib -L/usr/lib/../lib -L/usr/lib/gcc/x86_64-pc-linux-gnu/7.1.1/../../.. CMakeFiles/cmTC_cc579.dir/CMakeCCompilerABI.c.o -lgcc --as-needed -lgcc_s --no-as-needed -lc -lgcc --as-needed -lgcc_s --no-as-needed /usr/lib/gcc/x86_64-pc-linux-gnu/7.1.1/crtend.o /usr/lib/gcc/x86_64-pc-linux-gnu/7.1.1/../../../../lib/crtn.o]
    arg [/usr/lib/gcc/x86_64-pc-linux-gnu/7.1.1/collect2] ==> ignore
    arg [-plugin] ==> ignore
    arg [/usr/lib/gcc/x86_64-pc-linux-gnu/7.1.1/liblto_plugin.so] ==> ignore
    arg [-plugin-opt=/usr/lib/gcc/x86_64-pc-linux-gnu/7.1.1/lto-wrapper] ==> ignore
    arg [-plugin-opt=-fresolution=/tmp/ccORpkYH.res] ==> ignore
    arg [-plugin-opt=-pass-through=-lgcc] ==> ignore
    arg [-plugin-opt=-pass-through=-lgcc_s] ==> ignore
    arg [-plugin-opt=-pass-through=-lc] ==> ignore
    arg [-plugin-opt=-pass-through=-lgcc] ==> ignore
    arg [-plugin-opt=-pass-through=-lgcc_s] ==> ignore
    arg [--build-id] ==> ignore
    arg [--eh-frame-hdr] ==> ignore
    arg [--hash-style=gnu] ==> ignore
    arg [-m] ==> ignore
    arg [elf_x86_64] ==> ignore
    arg [-dynamic-linker] ==> ignore
    arg [/lib64/ld-linux-x86-64.so.2] ==> ignore
    arg [-o] ==> ignore
    arg [cmTC_cc579] ==> ignore
    arg [/usr/lib/gcc/x86_64-pc-linux-gnu/7.1.1/../../../../lib/crt1.o] ==> ignore
    arg [/usr/lib/gcc/x86_64-pc-linux-gnu/7.1.1/../../../../lib/crti.o] ==> ignore
    arg [/usr/lib/gcc/x86_64-pc-linux-gnu/7.1.1/crtbegin.o] ==> ignore
    arg [-L/usr/lib/gcc/x86_64-pc-linux-gnu/7.1.1] ==> dir [/usr/lib/gcc/x86_64-pc-linux-gnu/7.1.1]
    arg [-L/usr/lib/gcc/x86_64-pc-linux-gnu/7.1.1/../../../../lib] ==> dir [/usr/lib/gcc/x86_64-pc-linux-gnu/7.1.1/../../../../lib]
    arg [-L/lib/../lib] ==> dir [/lib/../lib]
    arg [-L/usr/lib/../lib] ==> dir [/usr/lib/../lib]
    arg [-L/usr/lib/gcc/x86_64-pc-linux-gnu/7.1.1/../../..] ==> dir [/usr/lib/gcc/x86_64-pc-linux-gnu/7.1.1/../../..]
    arg [CMakeFiles/cmTC_cc579.dir/CMakeCCompilerABI.c.o] ==> ignore
    arg [-lgcc] ==> lib [gcc]
    arg [--as-needed] ==> ignore
    arg [-lgcc_s] ==> lib [gcc_s]
    arg [--no-as-needed] ==> ignore
    arg [-lc] ==> lib [c]
    arg [-lgcc] ==> lib [gcc]
    arg [--as-needed] ==> ignore
    arg [-lgcc_s] ==> lib [gcc_s]
    arg [--no-as-needed] ==> ignore
    arg [/usr/lib/gcc/x86_64-pc-linux-gnu/7.1.1/crtend.o] ==> ignore
    arg [/usr/lib/gcc/x86_64-pc-linux-gnu/7.1.1/../../../../lib/crtn.o] ==> ignore
  remove lib [gcc]
  remove lib [gcc_s]
  remove lib [gcc]
  remove lib [gcc_s]
  collapse library dir [/usr/lib/gcc/x86_64-pc-linux-gnu/7.1.1] ==> [/usr/lib/gcc/x86_64-pc-linux-gnu/7.1.1]
  collapse library dir [/usr/lib/gcc/x86_64-pc-linux-gnu/7.1.1/../../../../lib] ==> [/usr/lib]
  collapse library dir [/lib/../lib] ==> [/lib]
  collapse library dir [/usr/lib/../lib] ==> [/usr/lib]
  collapse library dir [/usr/lib/gcc/x86_64-pc-linux-gnu/7.1.1/../../..] ==> [/usr/lib]
  implicit libs: [c]
  implicit dirs: [/usr/lib/gcc/x86_64-pc-linux-gnu/7.1.1;/usr/lib;/lib]
  implicit fwks: []




Detecting C [-std=c11] compiler features compiled with the following output:
Change Dir: /home/edoardo/Progetti/vanin/CMakeFiles/CMakeTmp

Run Build Command:"/usr/bin/make" "cmTC_34cfe/fast"
/usr/bin/make -f CMakeFiles/cmTC_34cfe.dir/build.make CMakeFiles/cmTC_34cfe.dir/build
make[1]: ingresso nella directory "/home/edoardo/Progetti/vanin/CMakeFiles/CMakeTmp"
Building C object CMakeFiles/cmTC_34cfe.dir/feature_tests.c.o
/usr/bin/cc   -std=c11 -o CMakeFiles/cmTC_34cfe.dir/feature_tests.c.o   -c /home/edoardo/Progetti/vanin/CMakeFiles/feature_tests.c
Linking C executable cmTC_34cfe
/usr/bin/cmake -E cmake_link_script CMakeFiles/cmTC_34cfe.dir/link.txt --verbose=1
/usr/bin/cc      CMakeFiles/cmTC_34cfe.dir/feature_tests.c.o  -o cmTC_34cfe 
make[1]: uscita dalla directory "/home/edoardo/Progetti/vanin/CMakeFiles/CMakeTmp"


    Feature record: C_FEATURE:1c_function_prototypes
    Feature record: C_FEATURE:1c_restrict
    Feature record: C_FEATURE:1c_static_assert
    Feature record: C_FEATURE:1c_variadic_macros


Detecting C [-std=c99] compiler features compiled with the following output:
Change Dir: /home/edoardo/Progetti/vanin/CMakeFiles/CMakeTmp

Run Build Command:"/usr/bin/make" "cmTC_00555/fast"
/usr/bin/make -f CMakeFiles/cmTC_00555.dir/build.make CMakeFiles/cmTC_00555.dir/build
make[1]: ingresso nella directory "/home/edoardo/Progetti/vanin/CMakeFiles/CMakeTmp"
Building C object CMakeFiles/cmTC_00555.dir/feature_tests.c.o
/usr/bin/cc   -std=c99 -o CMakeFiles/cmTC_00555.dir/feature_tests.c.o   -c /home/edoardo/Progetti/vanin/CMakeFiles/feature_tests.c
Linking C executable cmTC_00555
/usr/bin/cmake -E cmake_link_script CMakeFiles/cmTC_00555.dir/link.txt --verbose=1
/usr/bin/cc      CMakeFiles/cmTC_00555.dir/feature_tests.c.o  -o cmTC_00555 
make[1]: uscita dalla directory "/home/edoardo/Progetti/vanin/CMakeFiles/CMakeTmp"


    Feature record: C_FEATURE:1c_function_prototypes
    Feature record: C_FEATURE:1c_restrict
    Feature record: C_FEATURE:0c_static_assert
    Feature record: C_FEATURE:1c_variadic_macros


Detecting C [-std=c90] compiler features compiled with the following output:
Change Dir: /home/edoardo/Progetti/vanin/CMakeFiles/CMakeTmp

Run Build Command:"/usr/bin/make" "cmTC_f8b18/fast"
/usr/bin/make -f CMakeFiles/cmTC_f8b18.dir/build.make CMakeFiles/cmTC_f8b18.dir/build
make[1]: ingresso nella directory "/home/edoardo/Progetti/vanin/CMakeFiles/CMakeTmp"
Building C object CMakeFiles/cmTC_f8b18.dir/feature_tests.c.o
/usr/bin/cc   -std=c90 -o CMakeFiles/cmTC_f8b18.dir/feature_tests.c.o   -c /home/edoardo/Progetti/vanin/CMakeFiles/feature_tests.c
Linking C executable cmTC_f8b18
/usr/bin/cmake -E cmake_link_script CMakeFiles/cmTC_f8b18.dir/link.txt --verbose=1
/usr/bin/cc      CMakeFiles/cmTC_f8b18.dir/feature_tests.c.o  -o cmTC_f8b18 
make[1]: uscita dalla directory "/home/edoardo/Progetti/vanin/CMakeFiles/CMakeTmp"


    Feature record: C_FEATURE:1c_function_prototypes
    Feature record: C_FEATURE:0c_restrict
    Feature record: C_FEATURE:0c_static_assert
    Feature record: C_FEATURE:0c_variadic_macros
Determining if the include file pthread.h exists passed with the following output:
Change Dir: /home/edoardo/Progetti/vanin/CMakeFiles/CMakeTmp

Run Build Command:"/usr/bin/make" "cmTC_e230d/fast"
/usr/bin/make -f CMakeFiles/cmTC_e230d.dir/build.make CMakeFiles/cmTC_e230d.dir/build
make[1]: ingresso nella directory "/home/edoardo/Progetti/vanin/CMakeFiles/CMakeTmp"
Building C object CMakeFiles/cmTC_e230d.dir/CheckIncludeFile.c.o
/usr/bin/cc    -o CMakeFiles/cmTC_e230d.dir/CheckIncludeFile.c.o   -c /home/edoardo/Progetti/vanin/CMakeFiles/CMakeTmp/CheckIncludeFile.c
Linking C executable cmTC_e230d
/usr/bin/cmake -E cmake_link_script CMakeFiles/cmTC_e230d.dir/link.txt --verbose=1
/usr/bin/cc      CMakeFiles/cmTC_e230d.dir/CheckIncludeFile.c.o  -o cmTC_e230d 
make[1]: uscita dalla directory "/home/edoardo/Progetti/vanin/CMakeFiles/CMakeTmp"


Determining if the function pthread_create exists in the pthread passed with the following output:
Change Dir: /home/edoardo/Progetti/vanin/CMakeFiles/CMakeTmp

Run Build Command:"/usr/bin/make" "cmTC_9dc73/fast"
/usr/bin/make -f CMakeFiles/cmTC_9dc73.dir/build.make CMakeFiles/cmTC_9dc73.dir/build
make[1]: ingresso nella directory "/home/edoardo/Progetti/vanin/CMakeFiles/CMakeTmp"
Building C object CMakeFiles/cmTC_9dc73.dir/CheckFunctionExists.c.o
/usr/bin/cc   -DCHECK_FUNCTION_EXISTS=pthread_create   -o CMakeFiles/cmTC_9dc73.dir/CheckFunctionExists.c.o   -c /usr/share/cmake-3.8/Modules/CheckFunctionExists.c
Linking C executable cmTC_9dc73
/usr/bin/cmake -E cmake_link_script CMakeFiles/cmTC_9dc73.dir/link.txt --verbose=1
/usr/bin/cc  -DCHECK_FUNCTION_EXISTS=pthread_create    CMakeFiles/cmTC_9dc73.dir/CheckFunctionExists.c.o  -o cmTC_9dc73 -lpthread 
make[1]: uscita dalla directory "/home/edoardo/Progetti/vanin/CMakeFiles/CMakeTmp"


