Determining if the pthread_create exist failed with the following output:
Change Dir: /home/edoardo/Progetti/vanin/CMakeFiles/CMakeTmp

Run Build Command:"/usr/bin/make" "cmTC_ebd6b/fast"
/usr/bin/make -f CMakeFiles/cmTC_ebd6b.dir/build.make CMakeFiles/cmTC_ebd6b.dir/build
make[1]: ingresso nella directory "/home/edoardo/Progetti/vanin/CMakeFiles/CMakeTmp"
Building C object CMakeFiles/cmTC_ebd6b.dir/CheckSymbolExists.c.o
/usr/bin/cc    -o CMakeFiles/cmTC_ebd6b.dir/CheckSymbolExists.c.o   -c /home/edoardo/Progetti/vanin/CMakeFiles/CMakeTmp/CheckSymbolExists.c
Linking C executable cmTC_ebd6b
/usr/bin/cmake -E cmake_link_script CMakeFiles/cmTC_ebd6b.dir/link.txt --verbose=1
/usr/bin/cc      CMakeFiles/cmTC_ebd6b.dir/CheckSymbolExists.c.o  -o cmTC_ebd6b 
CMakeFiles/cmTC_ebd6b.dir/CheckSymbolExists.c.o: nella funzione "main":
CheckSymbolExists.c:(.text+0x16): riferimento non definito a "pthread_create"
collect2: error: ld returned 1 exit status
make[1]: *** [CMakeFiles/cmTC_ebd6b.dir/build.make:98: cmTC_ebd6b] Error 1
make[1]: uscita dalla directory "/home/edoardo/Progetti/vanin/CMakeFiles/CMakeTmp"
make: *** [Makefile:126: cmTC_ebd6b/fast] Error 2

File /home/edoardo/Progetti/vanin/CMakeFiles/CMakeTmp/CheckSymbolExists.c:
/* */
#include <pthread.h>

int main(int argc, char** argv)
{
  (void)argv;
#ifndef pthread_create
  return ((int*)(&pthread_create))[argc];
#else
  (void)argc;
  return 0;
#endif
}

Determining if the function pthread_create exists in the pthreads failed with the following output:
Change Dir: /home/edoardo/Progetti/vanin/CMakeFiles/CMakeTmp

Run Build Command:"/usr/bin/make" "cmTC_24474/fast"
/usr/bin/make -f CMakeFiles/cmTC_24474.dir/build.make CMakeFiles/cmTC_24474.dir/build
make[1]: ingresso nella directory "/home/edoardo/Progetti/vanin/CMakeFiles/CMakeTmp"
Building C object CMakeFiles/cmTC_24474.dir/CheckFunctionExists.c.o
/usr/bin/cc   -DCHECK_FUNCTION_EXISTS=pthread_create   -o CMakeFiles/cmTC_24474.dir/CheckFunctionExists.c.o   -c /usr/share/cmake-3.8/Modules/CheckFunctionExists.c
Linking C executable cmTC_24474
/usr/bin/cmake -E cmake_link_script CMakeFiles/cmTC_24474.dir/link.txt --verbose=1
/usr/bin/cc  -DCHECK_FUNCTION_EXISTS=pthread_create    CMakeFiles/cmTC_24474.dir/CheckFunctionExists.c.o  -o cmTC_24474 -lpthreads 
/usr/bin/ld: impossibile trovare -lpthreads
collect2: error: ld returned 1 exit status
make[1]: *** [CMakeFiles/cmTC_24474.dir/build.make:98: cmTC_24474] Error 1
make[1]: uscita dalla directory "/home/edoardo/Progetti/vanin/CMakeFiles/CMakeTmp"
make: *** [Makefile:126: cmTC_24474/fast] Error 2


